<?xml version="1.0" encoding="UTF-8"?>
<testng-results skipped="0" failed="0" total="1" passed="1">
  <reporter-output>
  </reporter-output>
  <suite name="Default suite" duration-ms="46685" started-at="2019-01-23T09:07:43Z" finished-at="2019-01-23T09:08:30Z">
    <groups>
    </groups>
    <test name="Default test" duration-ms="46685" started-at="2019-01-23T09:07:43Z" finished-at="2019-01-23T09:08:30Z">
      <class name="Selenium.Topic_01_Setup_Environment">
        <test-method status="PASS" signature="beforeClass()[pri:0, instance:Selenium.Topic_01_Setup_Environment@75412c2f]" name="beforeClass" is-config="true" duration-ms="41989" started-at="2019-01-23T16:07:43Z" finished-at="2019-01-23T16:08:25Z">
          <reporter-output>
          </reporter-output>
        </test-method> <!-- beforeClass -->
        <test-method status="PASS" signature="TC_04_ChecksSlackVsGithub()[pri:0, instance:Selenium.Topic_01_Setup_Environment@75412c2f]" name="TC_04_ChecksSlackVsGithub" duration-ms="863" started-at="2019-01-23T16:08:25Z" finished-at="2019-01-23T16:08:26Z">
          <reporter-output>
          </reporter-output>
        </test-method> <!-- TC_04_ChecksSlackVsGithub -->
        <test-method status="PASS" signature="afterClass()[pri:0, instance:Selenium.Topic_01_Setup_Environment@75412c2f]" name="afterClass" is-config="true" duration-ms="3751" started-at="2019-01-23T16:08:26Z" finished-at="2019-01-23T16:08:30Z">
          <reporter-output>
          </reporter-output>
        </test-method> <!-- afterClass -->
      </class> <!-- Selenium.Topic_01_Setup_Environment -->
    </test> <!-- Default test -->
  </suite> <!-- Default suite -->
</testng-results>
