<?xml version="1.0" encoding="UTF-8"?>
<testng-results skipped="0" failed="0" total="3" passed="3">
  <reporter-output>
  </reporter-output>
  <suite name="Default suite" duration-ms="12920" started-at="2019-01-20T10:16:29Z" finished-at="2019-01-20T10:16:42Z">
    <groups>
    </groups>
    <test name="Default test" duration-ms="12920" started-at="2019-01-20T10:16:29Z" finished-at="2019-01-20T10:16:42Z">
      <class name="Selenium.Topic_01_Setup_Environment">
        <test-method status="PASS" signature="beforeClass()[pri:0, instance:Selenium.Topic_01_Setup_Environment@2ac1fdc4]" name="beforeClass" is-config="true" duration-ms="11468" started-at="2019-01-20T17:16:29Z" finished-at="2019-01-20T17:16:40Z">
          <reporter-output>
          </reporter-output>
        </test-method> <!-- beforeClass -->
        <test-method status="PASS" signature="TC_01_CheckUrl()[pri:0, instance:Selenium.Topic_01_Setup_Environment@2ac1fdc4]" name="TC_01_CheckUrl" duration-ms="26" started-at="2019-01-20T17:16:40Z" finished-at="2019-01-20T17:16:40Z">
          <reporter-output>
          </reporter-output>
        </test-method> <!-- TC_01_CheckUrl -->
        <test-method status="PASS" signature="TC_02_CheckTitle()[pri:0, instance:Selenium.Topic_01_Setup_Environment@2ac1fdc4]" name="TC_02_CheckTitle" duration-ms="12" started-at="2019-01-20T17:16:40Z" finished-at="2019-01-20T17:16:40Z">
          <reporter-output>
          </reporter-output>
        </test-method> <!-- TC_02_CheckTitle -->
        <test-method status="PASS" signature="TC_03_HomePageLogoDisplayer()[pri:0, instance:Selenium.Topic_01_Setup_Environment@2ac1fdc4]" name="TC_03_HomePageLogoDisplayer" duration-ms="120" started-at="2019-01-20T17:16:40Z" finished-at="2019-01-20T17:16:40Z">
          <reporter-output>
          </reporter-output>
        </test-method> <!-- TC_03_HomePageLogoDisplayer -->
        <test-method status="PASS" signature="afterClass()[pri:0, instance:Selenium.Topic_01_Setup_Environment@2ac1fdc4]" name="afterClass" is-config="true" duration-ms="1271" started-at="2019-01-20T17:16:40Z" finished-at="2019-01-20T17:16:42Z">
          <reporter-output>
          </reporter-output>
        </test-method> <!-- afterClass -->
      </class> <!-- Selenium.Topic_01_Setup_Environment -->
    </test> <!-- Default test -->
  </suite> <!-- Default suite -->
</testng-results>
